<?xml version="1.0" encoding="UTF-8"?>
<!-- Generated by org.testng.reporters.JUnitXMLReporter -->
<testsuite ignored="0" hostname="U-GauravM" failures="0" tests="2" name="Default test" time="4.973" errors="0" timestamp="2024-02-27T17:18:55 IST">
  <testcase classname="com.herokuapp.restfulbookerassignment.CreateBookingTests" name="createBookingTest" time="2.931"/>
  <testcase classname="com.herokuapp.restfulbookerassignment.CreateBookingTests" name="createBookingTestNegative" time="1.736"/>
</testsuite> <!-- Default test -->
