<?xml version="1.0" encoding="UTF-8"?>
<!-- Generated by org.testng.reporters.JUnitXMLReporter -->
<testsuite ignored="4" hostname="U-GauravM" failures="0" tests="5" name="Positive Tests" time="10.438" errors="0" timestamp="2024-02-28T13:27:19 IST">
  <testcase classname="com.herokuapp.restfulbookerassignment.CreateBookingTests" name="createBookingTest" time="2.967"/>
  <testcase classname="com.herokuapp.restfulbookerassignment.GetBookingTests" name="getBookingTest" time="1.431"/>
  <testcase classname="com.herokuapp.restfulbookerassignment.PartialUpdateBookingTests" name="partialUpdateBookingTest" time="1.413"/>
  <testcase classname="com.herokuapp.restfulbookerassignment.UpdateBookingTests" name="updateBookingTest" time="1.427"/>
  <testcase classname="com.herokuapp.restfulbookerassignment.DeleteBookingTests" name="partialUpdateBookingTest" time="2.775"/>
  <testcase classname="com.herokuapp.restfulbookerassignment.GetBookingTests" name="getBookingTestNegative" time="0.0">
    <ignored/>
  </testcase> <!-- getBookingTestNegative -->
  <testcase classname="com.herokuapp.restfulbookerassignment.PartialUpdateBookingTests" name="partialUpdateBookingTestNegative" time="0.0">
    <ignored/>
  </testcase> <!-- partialUpdateBookingTestNegative -->
  <testcase classname="com.herokuapp.restfulbookerassignment.CreateBookingTests" name="createBookingTestNegative" time="0.0">
    <ignored/>
  </testcase> <!-- createBookingTestNegative -->
  <testcase classname="com.herokuapp.restfulbookerassignment.UpdateBookingTests" name="updateBookingTestNegative" time="0.0">
    <ignored/>
  </testcase> <!-- updateBookingTestNegative -->
</testsuite> <!-- Positive Tests -->
