<?xml version="1.0" encoding="UTF-8"?>
<testng-results ignored="0" total="1" passed="1" failed="0" skipped="0">
  <reporter-output>
  </reporter-output>
  <suite started-at="2024-01-29T15:06:50 IST" name="Default suite" finished-at="2024-01-29T15:06:55 IST" duration-ms="4973">
    <groups>
    </groups>
    <test started-at="2024-01-29T15:06:50 IST" name="Default test" finished-at="2024-01-29T15:06:55 IST" duration-ms="4973">
      <class name="com.herokuapp.restfulbookerassignment.UpdateBookingTests">
        <test-method is-config="true" signature="setUp()[pri:0, instance:com.herokuapp.restfulbookerassignment.UpdateBookingTests@12468a38]" started-at="2024-01-29T15:06:50 IST" name="setUp" finished-at="2024-01-29T15:06:51 IST" duration-ms="313" status="PASS">
          <reporter-output>
          </reporter-output>
        </test-method> <!-- setUp -->
        <test-method signature="createBookingTest()[pri:0, instance:com.herokuapp.restfulbookerassignment.UpdateBookingTests@12468a38]" started-at="2024-01-29T15:06:51 IST" name="createBookingTest" finished-at="2024-01-29T15:06:55 IST" duration-ms="4632" status="PASS">
          <reporter-output>
          </reporter-output>
        </test-method> <!-- createBookingTest -->
      </class> <!-- com.herokuapp.restfulbookerassignment.UpdateBookingTests -->
    </test> <!-- Default test -->
  </suite> <!-- Default suite -->
</testng-results>
